<?xml version="1.0" encoding="UTF-8"?>
<testsuite name="BackpressureTask2Tests" tests="1" skipped="0" failures="0" errors="0" timestamp="2022-12-09T17:23:39" hostname="DESKTOP-G2M63HD" time="0.406">
  <properties/>
  <testcase name="testSolution()" classname="BackpressureTask2Tests" time="0.406"/>
  <system-out><![CDATA[19:23:39.621 [Test worker] DEBUG reactor.util.Loggers - Using Slf4j logging framework
]]></system-out>
  <system-err><![CDATA[]]></system-err>
</testsuite>
