<?xml version="1.0" encoding="UTF-8"?>
<testsuite name="CPTask4Tests" tests="1" skipped="0" failures="0" errors="0" timestamp="2022-12-10T10:37:09" hostname="DESKTOP-G2M63HD" time="0.43">
  <properties/>
  <testcase name="uploadTest()" classname="CPTask4Tests" time="0.43"/>
  <system-out><![CDATA[12:37:10.041 [Test worker] DEBUG reactor.util.Loggers - Using Slf4j logging framework
]]></system-out>
  <system-err><![CDATA[]]></system-err>
</testsuite>
