<?xml version="1.0" encoding="UTF-8"?>
<testsuite name="CommonOperatorsTask3Tests" tests="1" skipped="0" failures="0" errors="0" timestamp="2022-12-05T18:19:00" hostname="DESKTOP-G2M63HD" time="0.603">
  <properties/>
  <testcase name="testSolution()" classname="CommonOperatorsTask3Tests" time="0.603"/>
  <system-out><![CDATA[20:19:00.455 [Test worker] DEBUG reactor.util.Loggers - Using Slf4j logging framework
]]></system-out>
  <system-err><![CDATA[]]></system-err>
</testsuite>
