<?xml version="1.0" encoding="UTF-8"?>
<testsuite name="MultithreadingOperatorsTask5Tests" tests="2" skipped="0" failures="0" errors="0" timestamp="2022-12-09T17:21:13" hostname="DESKTOP-G2M63HD" time="1.915">
  <properties/>
  <testcase name="testSolution()" classname="MultithreadingOperatorsTask5Tests" time="0.886"/>
  <testcase name="testSolution1()" classname="MultithreadingOperatorsTask5Tests" time="1.027"/>
  <system-out><![CDATA[19:21:13.492 [Test worker] DEBUG reactor.util.Loggers - Using Slf4j logging framework
]]></system-out>
  <system-err><![CDATA[]]></system-err>
</testsuite>
