<?xml version="1.0" encoding="UTF-8"?>
<testsuite name="BackpressureTask4Tests" tests="1" skipped="0" failures="0" errors="0" timestamp="2022-12-09T17:33:39" hostname="DESKTOP-G2M63HD" time="0.259">
  <properties/>
  <testcase name="testSolution()" classname="BackpressureTask4Tests" time="0.259"/>
  <system-out><![CDATA[19:33:39.964 [Test worker] DEBUG reactor.util.Loggers - Using Slf4j logging framework
19:33:40.136 [Test worker] DEBUG reactor.core.publisher.Operators - onNextDropped: TestStatistic{query='test0'}
19:33:40.136 [Test worker] DEBUG reactor.core.publisher.Operators - onNextDropped: TestStatistic{query='test4'}
]]></system-out>
  <system-err><![CDATA[]]></system-err>
</testsuite>
