<?xml version="1.0" encoding="UTF-8"?>
<testsuite name="ContextTask3Tests" tests="1" skipped="0" failures="0" errors="0" timestamp="2022-12-09T18:07:57" hostname="DESKTOP-G2M63HD" time="0.236">
  <properties/>
  <testcase name="testSolution()" classname="ContextTask3Tests" time="0.236"/>
  <system-out><![CDATA[20:07:57.636 [Test worker] DEBUG reactor.util.Loggers - Using Slf4j logging framework
]]></system-out>
  <system-err><![CDATA[]]></system-err>
</testsuite>
