<?xml version="1.0" encoding="UTF-8"?>
<testsuite name="MultithreadingOperatorsTask4Tests" tests="1" skipped="0" failures="0" errors="0" timestamp="2022-12-09T17:16:58" hostname="DESKTOP-G2M63HD" time="1.203">
  <properties/>
  <testcase name="testSolution()" classname="MultithreadingOperatorsTask4Tests" time="1.203"/>
  <system-out><![CDATA[19:16:58.794 [Test worker] DEBUG reactor.util.Loggers - Using Slf4j logging framework
]]></system-out>
  <system-err><![CDATA[]]></system-err>
</testsuite>
