<?xml version="1.0" encoding="UTF-8"?>
<testsuite name="CommonOperatorsTask6Tests" tests="1" skipped="0" failures="0" errors="0" timestamp="2022-12-05T18:44:40" hostname="DESKTOP-G2M63HD" time="0.495">
  <properties/>
  <testcase name="testSolution()" classname="CommonOperatorsTask6Tests" time="0.495"/>
  <system-out><![CDATA[20:44:40.558 [Test worker] DEBUG reactor.util.Loggers - Using Slf4j logging framework
]]></system-out>
  <system-err><![CDATA[]]></system-err>
</testsuite>
