<?xml version="1.0" encoding="UTF-8"?>
<testsuite name="BackpressureTask1Tests" tests="1" skipped="0" failures="0" errors="0" timestamp="2022-12-09T17:23:00" hostname="DESKTOP-G2M63HD" time="0.232">
  <properties/>
  <testcase name="mergeSeveralSourcesTest()" classname="BackpressureTask1Tests" time="0.232"/>
  <system-out><![CDATA[19:23:00.201 [Test worker] DEBUG reactor.util.Loggers - Using Slf4j logging framework
19:23:00.232 [Test worker] DEBUG reactor.core.publisher.Hooks - Hooking new default : onErrorDropped
19:23:00.232 [Test worker] DEBUG reactor.core.publisher.Hooks - Hooking new default : onNextDropped
19:23:00.232 [Test worker] DEBUG reactor.core.publisher.Hooks - Hooking onOperatorError: reactor.test.DefaultStepVerifierBuilder$HookRecorder$$Lambda$342/0x000000010023d440@6eee04a1
19:23:00.247 [Test worker] DEBUG reactor.core.publisher.Hooks - Reset to factory defaults : onNextDropped
19:23:00.247 [Test worker] DEBUG reactor.core.publisher.Hooks - Reset to factory defaults : onErrorDropped
19:23:00.247 [Test worker] DEBUG reactor.core.publisher.Hooks - Reset to factory defaults : onOperatorError
]]></system-out>
  <system-err><![CDATA[]]></system-err>
</testsuite>
