<?xml version="1.0" encoding="UTF-8"?>
<testsuite name="TestingTask2Tests" tests="1" skipped="0" failures="0" errors="0" timestamp="2022-12-09T15:16:11" hostname="DESKTOP-G2M63HD" time="0.289">
  <properties/>
  <testcase name="testSolution()" classname="TestingTask2Tests" time="0.289"/>
  <system-out><![CDATA[17:16:11.535 [Thread-3] DEBUG reactor.util.Loggers - Using Slf4j logging framework
]]></system-out>
  <system-err><![CDATA[]]></system-err>
</testsuite>
