<?xml version="1.0" encoding="UTF-8"?>
<testsuite name="ResilienceTask2Tests" tests="3" skipped="0" failures="0" errors="0" timestamp="2022-12-09T18:12:22" hostname="DESKTOP-G2M63HD" time="0.33">
  <properties/>
  <testcase name="testSolution()" classname="ResilienceTask2Tests" time="0.324"/>
  <testcase name="testSolution1()" classname="ResilienceTask2Tests" time="0.002"/>
  <testcase name="testSolution2()" classname="ResilienceTask2Tests" time="0.002"/>
  <system-out><![CDATA[20:12:22.839 [Test worker] DEBUG reactor.util.Loggers - Using Slf4j logging framework
]]></system-out>
  <system-err><![CDATA[]]></system-err>
</testsuite>
