<?xml version="1.0" encoding="UTF-8"?>
<testsuite name="ContextTask1Tests" tests="1" skipped="0" failures="0" errors="0" timestamp="2022-12-09T18:05:11" hostname="DESKTOP-G2M63HD" time="0.157">
  <properties/>
  <testcase name="testSolution()" classname="ContextTask1Tests" time="0.157"/>
  <system-out><![CDATA[20:05:12.047 [Test worker] DEBUG reactor.util.Loggers - Using Slf4j logging framework
]]></system-out>
  <system-err><![CDATA[]]></system-err>
</testsuite>
