<?xml version="1.0" encoding="UTF-8"?>
<testsuite name="service.impl.TradeServiceTests" tests="1" skipped="0" failures="0" errors="0" timestamp="2022-12-10T11:26:08" hostname="DESKTOP-G2M63HD" time="1.685">
  <properties/>
  <testcase name="tradeServiceTest()" classname="service.impl.TradeServiceTests" time="1.685"/>
  <system-out><![CDATA[13:26:09.117 [Test worker] DEBUG reactor.util.Loggers - Using Slf4j logging framework
13:26:10.445 [Test worker] WARN trade-service - .buffer(Duration.ofMillis(100)) onNext([])
13:26:10.461 [Test worker] WARN trade-service - .buffer(Duration.ofMillis(100)) onNext([Trade{id=1, timestamp=1, price=1.0, amount=1.0, currency='test', market='test'}, Trade{id=2, timestamp=1, price=1.0, amount=1.0, currency='test', market='test'}, Trade{id=3, timestamp=1, price=1.0, amount=1.0, currency='test', market='test'}, Trade{id=4, timestamp=1, price=1.0, amount=1.0, currency='test', market='test'}])
13:26:10.633 [Test worker] WARN trade-service - .buffer(Duration.ofMillis(100)) onNext([])
13:26:10.633 [Test worker] WARN trade-service - .buffer(Duration.ofMillis(100)) onNext([Trade{id=1, timestamp=1, price=1.0, amount=1.0, currency='test', market='test'}, Trade{id=2, timestamp=1, price=1.0, amount=1.0, currency='test', market='test'}, Trade{id=3, timestamp=1, price=1.0, amount=1.0, currency='test', market='test'}, Trade{id=4, timestamp=1, price=1.0, amount=1.0, currency='test', market='test'}])
13:26:10.633 [Test worker] WARN trade-service - .buffer(Duration.ofMillis(100)) onNext([])
13:26:10.649 [Test worker] WARN trade-service - .buffer(Duration.ofMillis(100)) onNext([])
13:26:10.649 [Test worker] WARN trade-service - .buffer(Duration.ofMillis(100)) onNext([Trade{id=5, timestamp=1, price=1.0, amount=1.0, currency='test', market='test'}, Trade{id=6, timestamp=1, price=1.0, amount=1.0, currency='test', market='test'}, Trade{id=7, timestamp=1, price=1.0, amount=1.0, currency='test', market='test'}, Trade{id=8, timestamp=1, price=1.0, amount=1.0, currency='test', market='test'}, Trade{id=9, timestamp=1, price=1.0, amount=1.0, currency='test', market='test'}, Trade{id=10, timestamp=1, price=1.0, amount=1.0, currency='test', market='test'}, Trade{id=11, timestamp=1, price=1.0, amount=1.0, currency='test', market='test'}, Trade{id=12, timestamp=1, price=1.0, amount=1.0, currency='test', market='test'}])
13:26:10.664 [Test worker] WARN trade-service - .buffer(Duration.ofMillis(100)) onNext([])
]]></system-out>
  <system-err><![CDATA[]]></system-err>
</testsuite>
