<?xml version="1.0" encoding="UTF-8"?>
<testsuite name="MultipleSourcesTask3Tests" tests="1" skipped="0" failures="0" errors="0" timestamp="2022-12-09T16:26:02" hostname="DESKTOP-G2M63HD" time="0.247">
  <properties/>
  <testcase name="testSolution()" classname="MultipleSourcesTask3Tests" time="0.247"/>
  <system-out><![CDATA[18:26:02.376 [Test worker] DEBUG reactor.util.Loggers - Using Slf4j logging framework
]]></system-out>
  <system-err><![CDATA[]]></system-err>
</testsuite>
