<?xml version="1.0" encoding="UTF-8"?>
<testsuite name="DLMTask3Tests" tests="1" skipped="0" failures="0" errors="0" timestamp="2022-12-09T20:05:35" hostname="DESKTOP-G2M63HD" time="0.905">
  <properties/>
  <testcase name="testSolution()" classname="DLMTask3Tests" time="0.905"/>
  <system-out><![CDATA[22:05:35.969 [Test worker] DEBUG reactor.util.Loggers - Using Slf4j logging framework
22:05:35.989 [Test worker] DEBUG reactor.core.publisher.Hooks - Hooking onEachOperator: DLMTask3Tests$$Lambda$337/0x00000001001fac40@2f26f4eb
22:05:36.230 [Test worker] DEBUG io.micrometer.core.util.internal.logging.InternalLoggerFactory - Using SLF4J as the default logging framework
22:05:36.314 [Test worker] INFO After PublisherOn - | onSubscribe([Fuseable] FluxPublishOn.PublishOnSubscriber)
22:05:36.324 [Test worker] INFO After PublisherOn - | request(unbounded)
22:05:36.393 [single-1] INFO After PublisherOn - | onNext(0)
22:05:36.394 [single-1] INFO After PublisherOn - | onNext(1)
22:05:36.394 [single-1] INFO After PublisherOn - | onNext(2)
22:05:36.407 [single-1] INFO After PublisherOn - | onNext(3)
22:05:36.427 [single-1] INFO After PublisherOn - | onNext(4)
22:05:36.428 [single-1] INFO After PublisherOn - | onNext(5)
22:05:36.446 [single-1] INFO After PublisherOn - | onNext(6)
22:05:36.446 [single-1] INFO After PublisherOn - | onNext(7)
22:05:36.461 [single-1] INFO After PublisherOn - | onNext(8)
22:05:36.478 [single-1] INFO After PublisherOn - | onNext(9)
22:05:36.482 [single-1] INFO After PublisherOn - | cancel()
22:05:36.632 [Test worker] DEBUG reactor.core.publisher.Hooks - Reset to factory defaults : onEachOperator
]]></system-out>
  <system-err><![CDATA[]]></system-err>
</testsuite>
