<?xml version="1.0" encoding="UTF-8"?>
<testsuite name="CommonOperatorsTask10Tests" tests="1" skipped="0" failures="0" errors="0" timestamp="2022-12-05T18:51:35" hostname="DESKTOP-G2M63HD" time="0.68">
  <properties/>
  <testcase name="testSolution()" classname="CommonOperatorsTask10Tests" time="0.68"/>
  <system-out><![CDATA[20:51:35.733 [Test worker] DEBUG reactor.util.Loggers - Using Slf4j logging framework
]]></system-out>
  <system-err><![CDATA[]]></system-err>
</testsuite>
