<?xml version="1.0" encoding="UTF-8"?>
<testsuite name="HnSTask4Tests" tests="1" skipped="0" failures="0" errors="0" timestamp="2022-12-09T19:16:57" hostname="DESKTOP-G2M63HD" time="0.466">
  <properties/>
  <testcase name="testSolution2()" classname="HnSTask4Tests" time="0.466"/>
  <system-out><![CDATA[21:16:57.646 [Test worker] DEBUG reactor.util.Loggers - Using Slf4j logging framework
21:16:57.664 [Test worker] DEBUG reactor.core.publisher.Hooks - Hooking onEachOperator: HnSTask4Tests$$Lambda$315/0x00000001001edc40@849e139
21:16:57.830 [Test worker] DEBUG reactor.core.publisher.Hooks - Reset to factory defaults : onEachOperator
]]></system-out>
  <system-err><![CDATA[]]></system-err>
</testsuite>
