<?xml version="1.0" encoding="UTF-8"?>
<testsuite name="CPTask2Tests" tests="1" skipped="0" failures="0" errors="0" timestamp="2022-12-09T20:32:49" hostname="DESKTOP-G2M63HD" time="1.813">
  <properties/>
  <testcase name="findVideoTest()" classname="CPTask2Tests" time="1.813"/>
  <system-out><![CDATA[22:32:50.311 [Test worker] DEBUG reactor.util.Loggers - Using Slf4j logging framework
]]></system-out>
  <system-err><![CDATA[]]></system-err>
</testsuite>
