<?xml version="1.0" encoding="UTF-8"?>
<testsuite name="ResilienceTask8Tests" tests="4" skipped="0" failures="0" errors="0" timestamp="2022-12-09T18:30:45" hostname="DESKTOP-G2M63HD" time="0.594">
  <properties/>
  <testcase name="testSolution()" classname="ResilienceTask8Tests" time="0.452"/>
  <testcase name="testSolution1()" classname="ResilienceTask8Tests" time="0.005"/>
  <testcase name="testSolution2()" classname="ResilienceTask8Tests" time="0.033"/>
  <testcase name="testSolution3()" classname="ResilienceTask8Tests" time="0.101"/>
  <system-out><![CDATA[20:30:45.811 [Test worker] DEBUG reactor.util.Loggers - Using Slf4j logging framework
]]></system-out>
  <system-err><![CDATA[]]></system-err>
</testsuite>
