<?xml version="1.0" encoding="UTF-8"?>
<testsuite name="ResilienceTask9Tests" tests="2" skipped="0" failures="0" errors="0" timestamp="2022-12-09T18:32:18" hostname="DESKTOP-G2M63HD" time="0.458">
  <properties/>
  <testcase name="testSolution()" classname="ResilienceTask9Tests" time="0.452"/>
  <testcase name="testSolution1()" classname="ResilienceTask9Tests" time="0.005"/>
  <system-out><![CDATA[20:32:18.972 [Test worker] DEBUG reactor.util.Loggers - Using Slf4j logging framework
]]></system-out>
  <system-err><![CDATA[]]></system-err>
</testsuite>
