<?xml version="1.0" encoding="UTF-8"?>
<testsuite name="MultipleSourcesTask6Tests" tests="1" skipped="0" failures="0" errors="0" timestamp="2022-12-09T16:52:44" hostname="DESKTOP-G2M63HD" time="0.256">
  <properties/>
  <testcase name="testSolution()" classname="MultipleSourcesTask6Tests" time="0.256"/>
  <system-out><![CDATA[18:52:44.192 [Test worker] DEBUG reactor.util.Loggers - Using Slf4j logging framework
]]></system-out>
  <system-err><![CDATA[]]></system-err>
</testsuite>
