<?xml version="1.0" encoding="UTF-8"?>
<testsuite name="CPTask1Tests" tests="2" skipped="0" failures="0" errors="0" timestamp="2022-12-09T20:22:59" hostname="DESKTOP-G2M63HD" time="1.389">
  <properties/>
  <testcase name="findUsersMostExpensivePurchaseTest()" classname="CPTask1Tests" time="1.382"/>
  <testcase name="retrievingTotalPriceTest()" classname="CPTask1Tests" time="0.006"/>
  <system-out><![CDATA[22:23:00.624 [Test worker] DEBUG reactor.util.Loggers - Using Slf4j logging framework
]]></system-out>
  <system-err><![CDATA[]]></system-err>
</testsuite>
