<?xml version="1.0" encoding="UTF-8"?>
<testsuite name="CommonOperatorsTask2Tests" tests="1" skipped="0" failures="0" errors="0" timestamp="2022-12-05T17:57:35" hostname="DESKTOP-G2M63HD" time="0.35">
  <properties/>
  <testcase name="testSolution()" classname="CommonOperatorsTask2Tests" time="0.35"/>
  <system-out><![CDATA[19:57:35.776 [Test worker] DEBUG reactor.util.Loggers - Using Slf4j logging framework
]]></system-out>
  <system-err><![CDATA[]]></system-err>
</testsuite>
