<?xml version="1.0" encoding="UTF-8"?>
<testsuite name="BackpressureTask5Tests" tests="1" skipped="0" failures="0" errors="0" timestamp="2022-12-09T17:47:41" hostname="DESKTOP-G2M63HD" time="0.329">
  <properties/>
  <testcase name="testSolution()" classname="BackpressureTask5Tests" time="0.329"/>
  <system-out><![CDATA[19:47:41.639 [Test worker] DEBUG reactor.util.Loggers - Using Slf4j logging framework
]]></system-out>
  <system-err><![CDATA[]]></system-err>
</testsuite>
