<?xml version="1.0" encoding="UTF-8"?>
<testsuite name="ResilienceTask6Tests" tests="1" skipped="0" failures="0" errors="0" timestamp="2022-12-09T18:19:21" hostname="DESKTOP-G2M63HD" time="0.254">
  <properties/>
  <testcase name="testSolution()" classname="ResilienceTask6Tests" time="0.254"/>
  <system-out><![CDATA[20:19:22.028 [Test worker] DEBUG reactor.util.Loggers - Using Slf4j logging framework
]]></system-out>
  <system-err><![CDATA[Thrown an error [java.lang.ArithmeticException: / by zero] on the following element [0]
]]></system-err>
</testsuite>
