<?xml version="1.0" encoding="UTF-8"?>
<testsuite name="CommonOperatorsTask9Tests" tests="1" skipped="0" failures="0" errors="0" timestamp="2022-12-05T18:50:56" hostname="DESKTOP-G2M63HD" time="1.054">
  <properties/>
  <testcase name="testSolution()" classname="CommonOperatorsTask9Tests" time="1.054"/>
  <system-out><![CDATA[20:50:56.604 [Test worker] DEBUG reactor.util.Loggers - Using Slf4j logging framework
]]></system-out>
  <system-err><![CDATA[]]></system-err>
</testsuite>
