<?xml version="1.0" encoding="UTF-8"?>
<testsuite name="MultithreadingOperatorsTask1Tests" tests="1" skipped="0" failures="0" errors="0" timestamp="2022-12-09T17:11:47" hostname="DESKTOP-G2M63HD" time="0.432">
  <properties/>
  <testcase name="mergeSeveralSourcesTest()" classname="MultithreadingOperatorsTask1Tests" time="0.432"/>
  <system-out><![CDATA[19:11:47.955 [Test worker] DEBUG reactor.util.Loggers - Using Slf4j logging framework
]]></system-out>
  <system-err><![CDATA[]]></system-err>
</testsuite>
