<?xml version="1.0" encoding="UTF-8"?>
<testsuite name="MultipleSourcesTask2Tests" tests="1" skipped="0" failures="0" errors="0" timestamp="2022-12-09T16:24:06" hostname="DESKTOP-G2M63HD" time="0.491">
  <properties/>
  <testcase name="testSolution()" classname="MultipleSourcesTask2Tests" time="0.491"/>
  <system-out><![CDATA[18:24:06.589 [Test worker] DEBUG reactor.util.Loggers - Using Slf4j logging framework
]]></system-out>
  <system-err><![CDATA[]]></system-err>
</testsuite>
