<?xml version="1.0" encoding="UTF-8"?>
<testsuite name="MultipleSourcesTask9Tests" tests="1" skipped="0" failures="0" errors="0" timestamp="2022-12-09T17:07:48" hostname="DESKTOP-G2M63HD" time="0.449">
  <properties/>
  <testcase name="testSolution()" classname="MultipleSourcesTask9Tests" time="0.449"/>
  <system-out><![CDATA[19:07:48.885 [Test worker] DEBUG reactor.util.Loggers - Using Slf4j logging framework
]]></system-out>
  <system-err><![CDATA[]]></system-err>
</testsuite>
