<?xml version="1.0" encoding="UTF-8"?>
<testsuite name="ResilienceTask7Tests" tests="1" skipped="0" failures="0" errors="0" timestamp="2022-12-09T18:25:56" hostname="DESKTOP-G2M63HD" time="0.271">
  <properties/>
  <testcase name="testSolution()" classname="ResilienceTask7Tests" time="0.271"/>
  <system-out><![CDATA[20:25:56.883 [Test worker] DEBUG reactor.util.Loggers - Using Slf4j logging framework
]]></system-out>
  <system-err><![CDATA[]]></system-err>
</testsuite>
