<?xml version="1.0" encoding="UTF-8"?>
<testsuite name="ResilienceTask4Tests" tests="1" skipped="0" failures="0" errors="0" timestamp="2022-12-09T18:15:52" hostname="DESKTOP-G2M63HD" time="0.261">
  <properties/>
  <testcase name="testSolution()" classname="ResilienceTask4Tests" time="0.261"/>
  <system-out><![CDATA[20:15:52.768 [Test worker] DEBUG reactor.util.Loggers - Using Slf4j logging framework
]]></system-out>
  <system-err><![CDATA[]]></system-err>
</testsuite>
