<?xml version="1.0" encoding="UTF-8"?>
<testsuite name="CommonOperatorsTask11Tests" tests="1" skipped="0" failures="0" errors="0" timestamp="2022-12-05T19:24:42" hostname="DESKTOP-G2M63HD" time="0.444">
  <properties/>
  <testcase name="testSolution()" classname="CommonOperatorsTask11Tests" time="0.444"/>
  <system-out><![CDATA[21:24:42.369 [Test worker] DEBUG reactor.util.Loggers - Using Slf4j logging framework
]]></system-out>
  <system-err><![CDATA[]]></system-err>
</testsuite>
