<?xml version="1.0" encoding="UTF-8"?>
<testsuite name="HnSTask3Tests" tests="1" skipped="0" failures="0" errors="0" timestamp="2022-12-09T19:10:14" hostname="DESKTOP-G2M63HD" time="0.2">
  <properties/>
  <testcase name="testSolution()" classname="HnSTask3Tests" time="0.2"/>
  <system-out><![CDATA[21:10:14.503 [Test worker] DEBUG reactor.util.Loggers - Using Slf4j logging framework
]]></system-out>
  <system-err><![CDATA[]]></system-err>
</testsuite>
