<?xml version="1.0" encoding="UTF-8"?>
<testsuite name="TestingTask3Tests" tests="1" skipped="0" failures="0" errors="0" timestamp="2022-12-09T15:47:41" hostname="DESKTOP-G2M63HD" time="0.459">
  <properties/>
  <testcase name="testSolution()" classname="TestingTask3Tests" time="0.459"/>
  <system-out><![CDATA[17:47:41.811 [Test worker] DEBUG reactor.util.Loggers - Using Slf4j logging framework
]]></system-out>
  <system-err><![CDATA[]]></system-err>
</testsuite>
