<?xml version="1.0" encoding="UTF-8"?>
<testsuite name="ResilienceTask5Tests" tests="1" skipped="0" failures="0" errors="0" timestamp="2022-12-09T18:18:40" hostname="DESKTOP-G2M63HD" time="1.312">
  <properties/>
  <testcase name="testSolution()" classname="ResilienceTask5Tests" time="1.312"/>
  <system-out><![CDATA[20:18:40.839 [Test worker] DEBUG reactor.util.Loggers - Using Slf4j logging framework
]]></system-out>
  <system-err><![CDATA[]]></system-err>
</testsuite>
