<?xml version="1.0" encoding="UTF-8"?>
<testsuite name="CommonOperatorsTask1Tests" tests="1" skipped="0" failures="0" errors="0" timestamp="2022-12-04T19:32:47" hostname="DESKTOP-G2M63HD" time="0.422">
  <properties/>
  <testcase name="testResultIsCorrect()" classname="CommonOperatorsTask1Tests" time="0.422"/>
  <system-out><![CDATA[21:32:48.238 [Test worker] DEBUG reactor.util.Loggers - Using Slf4j logging framework
]]></system-out>
  <system-err><![CDATA[]]></system-err>
</testsuite>
