<?xml version="1.0" encoding="UTF-8"?>
<testsuite name="ResilienceTask3Tests" tests="1" skipped="0" failures="0" errors="0" timestamp="2022-12-09T18:14:16" hostname="DESKTOP-G2M63HD" time="1.545">
  <properties/>
  <testcase name="testSolution()" classname="ResilienceTask3Tests" time="1.545"/>
  <system-out><![CDATA[20:14:17.952 [Test worker] DEBUG reactor.util.Loggers - Using Slf4j logging framework
]]></system-out>
  <system-err><![CDATA[]]></system-err>
</testsuite>
