<?xml version="1.0" encoding="UTF-8"?>
<testsuite name="CPTask3Tests" tests="1" skipped="0" failures="0" errors="0" timestamp="2022-12-09T20:55:56" hostname="DESKTOP-G2M63HD" time="8.525">
  <properties/>
  <testcase name="findVideoTest()" classname="CPTask3Tests" time="8.525"/>
  <system-out><![CDATA[22:55:56.547 [Test worker] DEBUG reactor.util.Loggers - Using Slf4j logging framework
]]></system-out>
  <system-err><![CDATA[]]></system-err>
</testsuite>
