<?xml version="1.0" encoding="UTF-8"?>
<testsuite name="CommonOperatorsTask8Tests" tests="1" skipped="0" failures="0" errors="0" timestamp="2022-12-05T19:31:25" hostname="DESKTOP-G2M63HD" time="0.445">
  <properties/>
  <testcase name="testSolution()" classname="CommonOperatorsTask8Tests" time="0.445"/>
  <system-out><![CDATA[21:31:26.145 [Test worker] DEBUG reactor.util.Loggers - Using Slf4j logging framework
]]></system-out>
  <system-err><![CDATA[]]></system-err>
</testsuite>
