<?xml version="1.0" encoding="UTF-8"?>
<testsuite name="ResilienceTask1Tests" tests="2" skipped="0" failures="0" errors="0" timestamp="2022-12-09T18:10:33" hostname="DESKTOP-G2M63HD" time="0.203">
  <properties/>
  <testcase name="test1()" classname="ResilienceTask1Tests" time="0.199"/>
  <testcase name="test2()" classname="ResilienceTask1Tests" time="0.003"/>
  <system-out><![CDATA[20:10:34.043 [Test worker] DEBUG reactor.util.Loggers - Using Slf4j logging framework
]]></system-out>
  <system-err><![CDATA[]]></system-err>
</testsuite>
