<?xml version="1.0" encoding="UTF-8"?>
<testsuite name="HnSTask1Tests" tests="2" skipped="0" failures="0" errors="0" timestamp="2022-12-09T18:45:51" hostname="DESKTOP-G2M63HD" time="0.28">
  <properties/>
  <testcase name="testSolution()" classname="HnSTask1Tests" time="0.27"/>
  <testcase name="testSolution2()" classname="HnSTask1Tests" time="0.009"/>
  <system-out><![CDATA[20:45:51.156 [Test worker] DEBUG reactor.util.Loggers - Using Slf4j logging framework
20:45:51.156 [Test worker] DEBUG reactor.core.publisher.Hooks - Hooking onEachOperator: HnSTask1Tests$$Lambda$315/0x00000001001ed440@6fbd3fcc
20:45:51.281 [Test worker] DEBUG reactor.core.publisher.Hooks - Reset to factory defaults : onEachOperator
20:45:51.359 [Test worker] DEBUG reactor.core.publisher.Hooks - Hooking onEachOperator: HnSTask1Tests$$Lambda$359/0x0000000100290840@463ef97f
20:45:51.359 [Test worker] DEBUG reactor.core.publisher.Hooks - Reset to factory defaults : onEachOperator
]]></system-out>
  <system-err><![CDATA[]]></system-err>
</testsuite>
